Using pre-set license
Built from '2021.3/staging' branch; Version is '2021.3.22f1 (b6c551784ba3) revision 11978065'; Using compiler version '192829333'; Build Type 'Release'
OS: 'Windows 10  (10.0.19044) 64bit Professional' Language: 'ko' Physical Memory: 16338 MB
BatchMode: 1, IsHumanControllingUs: 0, StartBugReporterOnCrash: 0, Is64bit: 1, IsPro: 1

COMMAND LINE ARGUMENTS:
C:\Program Files\Unity\Hub\Editor\2021.3.22f1\Editor\Unity.exe
-adb2
-batchMode
-noUpm
-name
AssetImportWorker0
-projectPath
C:/Users/SAMSUNG/Documents/In-the-Dark2/InTheDark
-logFile
Logs/AssetImportWorker0.log
-srvPort
63658
Successfully changed project path to: C:/Users/SAMSUNG/Documents/In-the-Dark2/InTheDark
C:/Users/SAMSUNG/Documents/In-the-Dark2/InTheDark
[UnityMemory] Configuration Parameters - Can be set up in boot.config
    "memorysetup-bucket-allocator-granularity=16"
    "memorysetup-bucket-allocator-bucket-count=8"
    "memorysetup-bucket-allocator-block-size=33554432"
    "memorysetup-bucket-allocator-block-count=8"
    "memorysetup-main-allocator-block-size=16777216"
    "memorysetup-thread-allocator-block-size=16777216"
    "memorysetup-gfx-main-allocator-block-size=16777216"
    "memorysetup-gfx-thread-allocator-block-size=16777216"
    "memorysetup-cache-allocator-block-size=4194304"
    "memorysetup-typetree-allocator-block-size=2097152"
    "memorysetup-profiler-bucket-allocator-granularity=16"
    "memorysetup-profiler-bucket-allocator-bucket-count=8"
    "memorysetup-profiler-bucket-allocator-block-size=33554432"
    "memorysetup-profiler-bucket-allocator-block-count=8"
    "memorysetup-profiler-allocator-block-size=16777216"
    "memorysetup-profiler-editor-allocator-block-size=1048576"
    "memorysetup-temp-allocator-size-main=16777216"
    "memorysetup-job-temp-allocator-block-size=2097152"
    "memorysetup-job-temp-allocator-block-size-background=1048576"
    "memorysetup-job-temp-allocator-reduction-small-platforms=262144"
    "memorysetup-temp-allocator-size-background-worker=32768"
    "memorysetup-temp-allocator-size-job-worker=262144"
    "memorysetup-temp-allocator-size-preload-manager=33554432"
    "memorysetup-temp-allocator-size-nav-mesh-worker=65536"
    "memorysetup-temp-allocator-size-audio-worker=65536"
    "memorysetup-temp-allocator-size-cloud-worker=32768"
    "memorysetup-temp-allocator-size-gi-baking-worker=262144"
    "memorysetup-temp-allocator-size-gfx=262144"
Player connection [23700] Host "[IP] 192.168.106.20 [Port] 0 [Flags] 2 [Guid] 4037047648 [EditorId] 4037047648 [Version] 1048832 [Id] WindowsEditor(7,DESKTOP-O19BDNE) [Debug] 1 [PackageName] WindowsEditor [ProjectName] Editor" joined multi-casting on [225.0.0.222:54997]...

Player connection [23700] Host "[IP] 192.168.106.20 [Port] 0 [Flags] 2 [Guid] 4037047648 [EditorId] 4037047648 [Version] 1048832 [Id] WindowsEditor(7,DESKTOP-O19BDNE) [Debug] 1 [PackageName] WindowsEditor [ProjectName] Editor" joined alternative multi-casting on [225.0.0.222:34997]...

Refreshing native plugins compatible for Editor in 107.24 ms, found 3 plugins.
Preloading 0 native plugins for Editor in 0.00 ms.
Initialize engine version: 2021.3.22f1 (b6c551784ba3)
[Subsystems] Discovering subsystems at path C:/Program Files/Unity/Hub/Editor/2021.3.22f1/Editor/Data/Resources/UnitySubsystems
[Subsystems] Discovering subsystems at path C:/Users/SAMSUNG/Documents/In-the-Dark2/InTheDark/Assets
GfxDevice: creating device client; threaded=0; jobified=0
Direct3D:
    Version:  Direct3D 11.0 [level 11.1]
    Renderer: NVIDIA GeForce RTX 2060 SUPER (ID=0x1f06)
    Vendor:   NVIDIA
    VRAM:     8019 MB
    Driver:   31.0.15.3640
Initialize mono
Mono path[0] = 'C:/Program Files/Unity/Hub/Editor/2021.3.22f1/Editor/Data/Managed'
Mono path[1] = 'C:/Program Files/Unity/Hub/Editor/2021.3.22f1/Editor/Data/MonoBleedingEdge/lib/mono/unityjit-win32'
Mono config path = 'C:/Program Files/Unity/Hub/Editor/2021.3.22f1/Editor/Data/MonoBleedingEdge/etc'
Using monoOptions --debugger-agent=transport=dt_socket,embedding=1,server=y,suspend=n,address=127.0.0.1:56288
Begin MonoManager ReloadAssembly
Registering precompiled unity dll's ...
Register platform support module: C:/Program Files/Unity/Hub/Editor/2021.3.22f1/Editor/Data/PlaybackEngines/WebGLSupport/UnityEditor.WebGL.Extensions.dll
Register platform support module: C:/Program Files/Unity/Hub/Editor/2021.3.22f1/Editor/Data/PlaybackEngines/AndroidPlayer/UnityEditor.Android.Extensions.dll
Register platform support module: C:/Program Files/Unity/Hub/Editor/2021.3.22f1/Editor/Data/PlaybackEngines/iOSSupport/UnityEditor.iOS.Extensions.dll
Register platform support module: C:/Program Files/Unity/Hub/Editor/2021.3.22f1/Editor/Data/PlaybackEngines/WindowsStandaloneSupport/UnityEditor.WindowsStandalone.Extensions.dll
Registered in 0.010396 seconds.
Native extension for WindowsStandalone target not found
[usbmuxd] Start listen thread
[usbmuxd] Listen thread started
Native extension for iOS target not found
Native extension for Android target not found
Android Extension - Scanning For ADB Devices 317 ms
Native extension for WebGL target not found
Refreshing native plugins compatible for Editor in 103.27 ms, found 3 plugins.
Preloading 0 native plugins for Editor in 0.00 ms.
Mono: successfully reloaded assembly
- Completed reload, in  1.107 seconds
Domain Reload Profiling:
	ReloadAssembly (1108ms)
		BeginReloadAssembly (99ms)
			ExecutionOrderSort (0ms)
			DisableScriptedObjects (0ms)
			BackupInstance (0ms)
			ReleaseScriptingObjects (0ms)
			CreateAndSetChildDomain (1ms)
		EndReloadAssembly (895ms)
			LoadAssemblies (99ms)
			RebuildTransferFunctionScriptingTraits (0ms)
			SetupTypeCache (125ms)
			ReleaseScriptCaches (0ms)
			RebuildScriptCaches (37ms)
			SetupLoadedEditorAssemblies (673ms)
				LogAssemblyErrors (0ms)
				InitializePlatformSupportModulesInManaged (419ms)
				SetLoadedEditorAssemblies (0ms)
				RefreshPlugins (103ms)
				BeforeProcessingInitializeOnLoad (2ms)
				ProcessInitializeOnLoadAttributes (101ms)
				ProcessInitializeOnLoadMethodAttributes (47ms)
				AfterProcessingInitializeOnLoad (0ms)
				EditorAssembliesLoaded (0ms)
			ExecutionOrderSort2 (0ms)
			AwakeInstancesAfterBackupRestoration (0ms)
Platform modules already initialized, skipping
Registering precompiled user dll's ...
Registered in 0.005797 seconds.
Begin MonoManager ReloadAssembly
Symbol file LoadedFromMemory doesn't match image C:\Users\SAMSUNG\Documents\In-the-Dark2\InTheDark\Library\PackageCache\com.unity.visualscripting@1.8.0\Editor\VisualScripting.Core\Dependencies\YamlDotNet\Unity.VisualScripting.YamlDotNet.dll
Symbol file LoadedFromMemory doesn't match image C:\Users\SAMSUNG\Documents\In-the-Dark2\InTheDark\Library\PackageCache\com.unity.visualscripting@1.8.0\Editor\VisualScripting.Core\Dependencies\DotNetZip\Unity.VisualScripting.IonicZip.dll
Native extension for WindowsStandalone target not found
Native extension for iOS target not found
Native extension for Android target not found
Native extension for WebGL target not found
Refreshing native plugins compatible for Editor in 0.85 ms, found 3 plugins.
Preloading 0 native plugins for Editor in 0.00 ms.
Mono: successfully reloaded assembly
- Completed reload, in  1.143 seconds
Domain Reload Profiling:
	ReloadAssembly (1144ms)
		BeginReloadAssembly (162ms)
			ExecutionOrderSort (0ms)
			DisableScriptedObjects (6ms)
			BackupInstance (0ms)
			ReleaseScriptingObjects (0ms)
			CreateAndSetChildDomain (23ms)
		EndReloadAssembly (851ms)
			LoadAssemblies (134ms)
			RebuildTransferFunctionScriptingTraits (0ms)
			SetupTypeCache (295ms)
			ReleaseScriptCaches (1ms)
			RebuildScriptCaches (50ms)
			SetupLoadedEditorAssemblies (373ms)
				LogAssemblyErrors (0ms)
				InitializePlatformSupportModulesInManaged (31ms)
				SetLoadedEditorAssemblies (0ms)
				RefreshPlugins (1ms)
				BeforeProcessingInitializeOnLoad (93ms)
				ProcessInitializeOnLoadAttributes (213ms)
				ProcessInitializeOnLoadMethodAttributes (26ms)
				AfterProcessingInitializeOnLoad (9ms)
				EditorAssembliesLoaded (0ms)
			ExecutionOrderSort2 (0ms)
			AwakeInstancesAfterBackupRestoration (7ms)
Platform modules already initialized, skipping
========================================================================
Worker process is ready to serve import requests
Launched and connected shader compiler UnityShaderCompiler.exe after 0.05 seconds
Refreshing native plugins compatible for Editor in 0.61 ms, found 3 plugins.
Preloading 0 native plugins for Editor in 0.00 ms.
Unloading 3085 Unused Serialized files (Serialized files now loaded: 0)
Unloading 24 unused Assets / (114.5 KB). Loaded Objects now: 3563.
Memory consumption went from 115.7 MB to 115.6 MB.
Total: 3.072600 ms (FindLiveObjects: 0.342300 ms CreateObjectMapping: 0.170500 ms MarkObjects: 2.410000 ms  DeleteObjects: 0.148600 ms)

AssetImportParameters requested are different than current active one (requested -> active):
  custom:video-decoder-ogg-theora: a1e56fd34408186e4bbccfd4996cb3dc -> 
  custom:container-muxer-webm: aa71ff27fc2769a1b78a27578f13a17b -> 
  custom:container-demuxer-webm: 4f35f7cbe854078d1ac9338744f61a02 -> 
  custom:video-encoder-webm-vp8: eb34c28f22e8b96e1ab97ce403110664 -> 
  custom:audio-encoder-webm-vorbis: bf7c407c2cedff20999df2af8eb42d56 -> 
  custom:framework-win-MediaFoundation: 216162199b28c13a410421893ffa2e32 -> 
  custom:container-demuxer-ogg: 62fdf1f143b41e24485cea50d1cbac27 -> 
  custom:video-decoder-webm-vp8: 9c59270c3fd7afecdb556c50c9e8de78 -> 
  custom:audio-decoder-ogg-vorbis: bf7c407c2cedff20999df2af8eb42d56 -> 
========================================================================
Received Import Request.
  Time since last request: 2944122.077273 seconds.
  path: Assets/01.Scripts/IM
  artifactKey: Guid(ecd8637b8a03780409d90a8036335bba) Importer(815301076,1909f56bfc062723c751e8b465ee728b)
Start importing Assets/01.Scripts/IM using Guid(ecd8637b8a03780409d90a8036335bba) Importer(815301076,1909f56bfc062723c751e8b465ee728b)  -> (artifact id: '039e177b9ad7fd3fc22279513b5873f8') in 0.014899 seconds 
========================================================================
Received Import Request.
  Time since last request: 96.178038 seconds.
  path: Assets/09.ImportAssets
  artifactKey: Guid(0ae22e38f89e9fe4eb0b1cddb8d8647b) Importer(815301076,1909f56bfc062723c751e8b465ee728b)
Start importing Assets/09.ImportAssets using Guid(0ae22e38f89e9fe4eb0b1cddb8d8647b) Importer(815301076,1909f56bfc062723c751e8b465ee728b)  -> (artifact id: '15e23351bf8c03dd7b832943adcc3ef2') in 0.021729 seconds 
========================================================================
Received Import Request.
  Time since last request: 22.082708 seconds.
  path: Assets/09.ImportAssets/Locker
  artifactKey: Guid(1b830cbf0d3f2c74b9b3c74c1cc9d03a) Importer(815301076,1909f56bfc062723c751e8b465ee728b)
Start importing Assets/09.ImportAssets/Locker using Guid(1b830cbf0d3f2c74b9b3c74c1cc9d03a) Importer(815301076,1909f56bfc062723c751e8b465ee728b)  -> (artifact id: '8758d710d12776c441c1ed0d75edb5c6') in 0.021889 seconds 
========================================================================
Received Import Request.
  Time since last request: 1.679123 seconds.
  path: Assets/09.ImportAssets/Locker/Prefabs
  artifactKey: Guid(0a129d7b1d7f2b74c8eac782b100b536) Importer(815301076,1909f56bfc062723c751e8b465ee728b)
Start importing Assets/09.ImportAssets/Locker/Prefabs using Guid(0a129d7b1d7f2b74c8eac782b100b536) Importer(815301076,1909f56bfc062723c751e8b465ee728b)  -> (artifact id: 'd8e972b73d1567d5d27c2a40f6ce4f32') in 0.020503 seconds 
========================================================================
Received Import Request.
  Time since last request: 0.848617 seconds.
  path: Assets/09.ImportAssets/Locker/Prefabs/locker_01a.prefab
  artifactKey: Guid(b7b9112f4651c5341af4f4f45a166e03) Importer(815301076,1909f56bfc062723c751e8b465ee728b)
Start importing Assets/09.ImportAssets/Locker/Prefabs/locker_01a.prefab using Guid(b7b9112f4651c5341af4f4f45a166e03) Importer(815301076,1909f56bfc062723c751e8b465ee728b)  -> (artifact id: 'b33b9b81be8a807bb2e86065b6fc9e68') in 0.208911 seconds 
========================================================================
Received Import Request.
  Time since last request: 79.549568 seconds.
  path: Assets/03.Prefebs
  artifactKey: Guid(fe14f6a4f6b1b5b44bdb06568845dc6e) Importer(815301076,1909f56bfc062723c751e8b465ee728b)
Start importing Assets/03.Prefebs using Guid(fe14f6a4f6b1b5b44bdb06568845dc6e) Importer(815301076,1909f56bfc062723c751e8b465ee728b)  -> (artifact id: '71ef9f39d1c2b9acaf0832471ef6d6e4') in 0.022368 seconds 
========================================================================
Received Import Request.
  Time since last request: 4.437533 seconds.
  path: Assets/03.Prefebs/Kim
  artifactKey: Guid(62ef122b8caec31438e5cd84115d2165) Importer(815301076,1909f56bfc062723c751e8b465ee728b)
Start importing Assets/03.Prefebs/Kim using Guid(62ef122b8caec31438e5cd84115d2165) Importer(815301076,1909f56bfc062723c751e8b465ee728b)  -> (artifact id: '39a660b7644f7cb486293e9dc9bed6fd') in 0.019469 seconds 
========================================================================
Received Import Request.
  Time since last request: 5.272535 seconds.
  path: Assets/03.Prefebs/Angie (1).prefab
  artifactKey: Guid(970456addfc055545bfb1b83551b620d) Importer(815301076,1909f56bfc062723c751e8b465ee728b)
Start importing Assets/03.Prefebs/Angie (1).prefab using Guid(970456addfc055545bfb1b83551b620d) Importer(815301076,1909f56bfc062723c751e8b465ee728b)  -> (artifact id: 'de628e9daac41090694036dfc89dd41c') in 0.599160 seconds 
========================================================================
Received Import Request.
  Time since last request: 14.180216 seconds.
  path: Assets/Scenes/SampleScene.unity
  artifactKey: Guid(9fc0d4010bbf28b4594072e72b8655ab) Importer(815301076,1909f56bfc062723c751e8b465ee728b)
Start importing Assets/Scenes/SampleScene.unity using Guid(9fc0d4010bbf28b4594072e72b8655ab) Importer(815301076,1909f56bfc062723c751e8b465ee728b)  -> (artifact id: '11791fce461569c439909c8ae064db16') in 0.019217 seconds 
========================================================================
Received Import Request.
  Time since last request: 174.656655 seconds.
  path: Assets/09.ImportAssets/2/UI pack
  artifactKey: Guid(c25759eac3d866342a5fdef9e03f8648) Importer(815301076,1909f56bfc062723c751e8b465ee728b)
Start importing Assets/09.ImportAssets/2/UI pack using Guid(c25759eac3d866342a5fdef9e03f8648) Importer(815301076,1909f56bfc062723c751e8b465ee728b)  -> (artifact id: '4ff1b45999f9809c4c43408880bb247a') in 0.017505 seconds 
========================================================================
Received Import Request.
  Time since last request: 1.649374 seconds.
  path: Assets/09.ImportAssets/2/UI pack/Scripts
  artifactKey: Guid(b2a8a1afcff728f448a02bc13a53444c) Importer(815301076,1909f56bfc062723c751e8b465ee728b)
Start importing Assets/09.ImportAssets/2/UI pack/Scripts using Guid(b2a8a1afcff728f448a02bc13a53444c) Importer(815301076,1909f56bfc062723c751e8b465ee728b)  -> (artifact id: '43ba06936d68c1b6241d70971ad22a4d') in 0.016450 seconds 
========================================================================
Received Import Request.
  Time since last request: 3.699392 seconds.
  path: Assets/09.ImportAssets/2/UI pack/Prefabs
  artifactKey: Guid(6e04857945ea76d499b7d93b655d2984) Importer(815301076,1909f56bfc062723c751e8b465ee728b)
Start importing Assets/09.ImportAssets/2/UI pack/Prefabs using Guid(6e04857945ea76d499b7d93b655d2984) Importer(815301076,1909f56bfc062723c751e8b465ee728b)  -> (artifact id: '55f6e7fd2e1af954f3325d50afe1e482') in 0.005072 seconds 
========================================================================
Received Import Request.
  Time since last request: 1.843850 seconds.
  path: Assets/09.ImportAssets/2/UI pack/Prefabs/Buttons
  artifactKey: Guid(43f323800c780c9428c52ed8b651ccb3) Importer(815301076,1909f56bfc062723c751e8b465ee728b)
Start importing Assets/09.ImportAssets/2/UI pack/Prefabs/Buttons using Guid(43f323800c780c9428c52ed8b651ccb3) Importer(815301076,1909f56bfc062723c751e8b465ee728b)  -> (artifact id: '48266fd699c37f4d9670cbb7f2b59da6') in 0.016457 seconds 
========================================================================
Received Import Request.
  Time since last request: 1.194576 seconds.
  path: Assets/09.ImportAssets/2/UI pack/Prefabs/Buttons/Button Green Outline.prefab
  artifactKey: Guid(676614c30efe6fc4b82edb9eddfa3ad6) Importer(815301076,1909f56bfc062723c751e8b465ee728b)
Start importing Assets/09.ImportAssets/2/UI pack/Prefabs/Buttons/Button Green Outline.prefab using Guid(676614c30efe6fc4b82edb9eddfa3ad6) Importer(815301076,1909f56bfc062723c751e8b465ee728b)  -> (artifact id: '4cfd44d3d98b2e42c8651203e74a215f') in 0.021638 seconds 
========================================================================
Received Import Request.
  Time since last request: 0.801341 seconds.
  path: Assets/09.ImportAssets/2/UI pack/Prefabs/Buttons/Sign in button Facebook.prefab
  artifactKey: Guid(e457c2c697962634386b2bad9b704081) Importer(815301076,1909f56bfc062723c751e8b465ee728b)
Start importing Assets/09.ImportAssets/2/UI pack/Prefabs/Buttons/Sign in button Facebook.prefab using Guid(e457c2c697962634386b2bad9b704081) Importer(815301076,1909f56bfc062723c751e8b465ee728b)  -> (artifact id: '7ad305d5202db43c992765c7c0f5855b') in 0.016754 seconds 
========================================================================
Received Import Request.
  Time since last request: 0.703592 seconds.
  path: Assets/09.ImportAssets/2/UI pack/Prefabs/Buttons/Sign in button Google.prefab
  artifactKey: Guid(9de07e9342c685b41af90a8bbe422aa9) Importer(815301076,1909f56bfc062723c751e8b465ee728b)
Start importing Assets/09.ImportAssets/2/UI pack/Prefabs/Buttons/Sign in button Google.prefab using Guid(9de07e9342c685b41af90a8bbe422aa9) Importer(815301076,1909f56bfc062723c751e8b465ee728b)  -> (artifact id: '768674cef30659176d53e00899f23b59') in 0.017651 seconds 
========================================================================
Received Import Request.
  Time since last request: 2.785513 seconds.
  path: Assets/09.ImportAssets/2
  artifactKey: Guid(72913e8a20a2ac8449fcc5b3f6ef6b78) Importer(815301076,1909f56bfc062723c751e8b465ee728b)
Start importing Assets/09.ImportAssets/2 using Guid(72913e8a20a2ac8449fcc5b3f6ef6b78) Importer(815301076,1909f56bfc062723c751e8b465ee728b)  -> (artifact id: '235aeac69304d89ab0ed4a244064957b') in 0.016358 seconds 
========================================================================
Received Prepare
Registering precompiled user dll's ...
Registered in 0.005509 seconds.
Begin MonoManager ReloadAssembly
Symbol file LoadedFromMemory doesn't match image C:\Users\SAMSUNG\Documents\In-the-Dark2\InTheDark\Library\PackageCache\com.unity.visualscripting@1.8.0\Editor\VisualScripting.Core\Dependencies\YamlDotNet\Unity.VisualScripting.YamlDotNet.dll
Symbol file LoadedFromMemory doesn't match image C:\Users\SAMSUNG\Documents\In-the-Dark2\InTheDark\Library\PackageCache\com.unity.visualscripting@1.8.0\Editor\VisualScripting.Core\Dependencies\DotNetZip\Unity.VisualScripting.IonicZip.dll
Native extension for WindowsStandalone target not found
Native extension for iOS target not found
Native extension for Android target not found
Native extension for WebGL target not found
Refreshing native plugins compatible for Editor in 0.72 ms, found 3 plugins.
Preloading 0 native plugins for Editor in 0.00 ms.
Mono: successfully reloaded assembly
- Completed reload, in  1.366 seconds
Domain Reload Profiling:
	ReloadAssembly (1366ms)
		BeginReloadAssembly (165ms)
			ExecutionOrderSort (0ms)
			DisableScriptedObjects (5ms)
			BackupInstance (0ms)
			ReleaseScriptingObjects (0ms)
			CreateAndSetChildDomain (39ms)
		EndReloadAssembly (1090ms)
			LoadAssemblies (114ms)
			RebuildTransferFunctionScriptingTraits (0ms)
			SetupTypeCache (380ms)
			ReleaseScriptCaches (1ms)
			RebuildScriptCaches (57ms)
			SetupLoadedEditorAssemblies (469ms)
				LogAssemblyErrors (0ms)
				InitializePlatformSupportModulesInManaged (49ms)
				SetLoadedEditorAssemblies (1ms)
				RefreshPlugins (1ms)
				BeforeProcessingInitializeOnLoad (96ms)
				ProcessInitializeOnLoadAttributes (283ms)
				ProcessInitializeOnLoadMethodAttributes (28ms)
				AfterProcessingInitializeOnLoad (13ms)
				EditorAssembliesLoaded (0ms)
			ExecutionOrderSort2 (0ms)
			AwakeInstancesAfterBackupRestoration (11ms)
Platform modules already initialized, skipping
Refreshing native plugins compatible for Editor in 2.73 ms, found 3 plugins.
Preloading 0 native plugins for Editor in 0.00 ms.
Unloading 3077 Unused Serialized files (Serialized files now loaded: 0)
Unloading 17 unused Assets / (81.7 KB). Loaded Objects now: 3575.
Memory consumption went from 132.0 MB to 131.9 MB.
Total: 3.778600 ms (FindLiveObjects: 0.264300 ms CreateObjectMapping: 0.275300 ms MarkObjects: 3.099000 ms  DeleteObjects: 0.139000 ms)

AssetImportParameters requested are different than current active one (requested -> active):
  custom:video-decoder-ogg-theora: a1e56fd34408186e4bbccfd4996cb3dc -> 
  custom:container-muxer-webm: aa71ff27fc2769a1b78a27578f13a17b -> 
  custom:container-demuxer-webm: 4f35f7cbe854078d1ac9338744f61a02 -> 
  custom:video-encoder-webm-vp8: eb34c28f22e8b96e1ab97ce403110664 -> 
  custom:audio-encoder-webm-vorbis: bf7c407c2cedff20999df2af8eb42d56 -> 
  custom:framework-win-MediaFoundation: 216162199b28c13a410421893ffa2e32 -> 
  custom:container-demuxer-ogg: 62fdf1f143b41e24485cea50d1cbac27 -> 
  custom:video-decoder-webm-vp8: 9c59270c3fd7afecdb556c50c9e8de78 -> 
  custom:audio-decoder-ogg-vorbis: bf7c407c2cedff20999df2af8eb42d56 -> 
========================================================================
Received Import Request.
  Time since last request: 123.829129 seconds.
  path: Assets/01.Scripts/ItemPickUp.cs
  artifactKey: Guid(e71363915981ff44e9458669a14061d8) Importer(815301076,1909f56bfc062723c751e8b465ee728b)
Start importing Assets/01.Scripts/ItemPickUp.cs using Guid(e71363915981ff44e9458669a14061d8) Importer(815301076,1909f56bfc062723c751e8b465ee728b)  -> (artifact id: '442b74c9d252a43709e2009ada858755') in 0.034090 seconds 
========================================================================
Received Prepare
Registering precompiled user dll's ...
Registered in 0.005386 seconds.
Begin MonoManager ReloadAssembly
Symbol file LoadedFromMemory doesn't match image C:\Users\SAMSUNG\Documents\In-the-Dark2\InTheDark\Library\PackageCache\com.unity.visualscripting@1.8.0\Editor\VisualScripting.Core\Dependencies\YamlDotNet\Unity.VisualScripting.YamlDotNet.dll
Symbol file LoadedFromMemory doesn't match image C:\Users\SAMSUNG\Documents\In-the-Dark2\InTheDark\Library\PackageCache\com.unity.visualscripting@1.8.0\Editor\VisualScripting.Core\Dependencies\DotNetZip\Unity.VisualScripting.IonicZip.dll
Native extension for WindowsStandalone target not found
Native extension for iOS target not found
Native extension for Android target not found
Native extension for WebGL target not found
Refreshing native plugins compatible for Editor in 0.67 ms, found 3 plugins.
Preloading 0 native plugins for Editor in 0.00 ms.
Mono: successfully reloaded assembly
- Completed reload, in  1.386 seconds
Domain Reload Profiling:
	ReloadAssembly (1387ms)
		BeginReloadAssembly (166ms)
			ExecutionOrderSort (0ms)
			DisableScriptedObjects (7ms)
			BackupInstance (0ms)
			ReleaseScriptingObjects (0ms)
			CreateAndSetChildDomain (39ms)
		EndReloadAssembly (1110ms)
			LoadAssemblies (116ms)
			RebuildTransferFunctionScriptingTraits (0ms)
			SetupTypeCache (378ms)
			ReleaseScriptCaches (2ms)
			RebuildScriptCaches (59ms)
			SetupLoadedEditorAssemblies (479ms)
				LogAssemblyErrors (0ms)
				InitializePlatformSupportModulesInManaged (52ms)
				SetLoadedEditorAssemblies (1ms)
				RefreshPlugins (1ms)
				BeforeProcessingInitializeOnLoad (101ms)
				ProcessInitializeOnLoadAttributes (284ms)
				ProcessInitializeOnLoadMethodAttributes (28ms)
				AfterProcessingInitializeOnLoad (12ms)
				EditorAssembliesLoaded (0ms)
			ExecutionOrderSort2 (0ms)
			AwakeInstancesAfterBackupRestoration (11ms)
Platform modules already initialized, skipping
Refreshing native plugins compatible for Editor in 3.02 ms, found 3 plugins.
Preloading 0 native plugins for Editor in 0.00 ms.
Unloading 3077 Unused Serialized files (Serialized files now loaded: 0)
Unloading 17 unused Assets / (81.7 KB). Loaded Objects now: 3578.
Memory consumption went from 132.0 MB to 132.0 MB.
Total: 3.806900 ms (FindLiveObjects: 0.277800 ms CreateObjectMapping: 0.157500 ms MarkObjects: 3.257900 ms  DeleteObjects: 0.112600 ms)

AssetImportParameters requested are different than current active one (requested -> active):
  custom:video-decoder-ogg-theora: a1e56fd34408186e4bbccfd4996cb3dc -> 
  custom:container-muxer-webm: aa71ff27fc2769a1b78a27578f13a17b -> 
  custom:container-demuxer-webm: 4f35f7cbe854078d1ac9338744f61a02 -> 
  custom:video-encoder-webm-vp8: eb34c28f22e8b96e1ab97ce403110664 -> 
  custom:audio-encoder-webm-vorbis: bf7c407c2cedff20999df2af8eb42d56 -> 
  custom:framework-win-MediaFoundation: 216162199b28c13a410421893ffa2e32 -> 
  custom:container-demuxer-ogg: 62fdf1f143b41e24485cea50d1cbac27 -> 
  custom:video-decoder-webm-vp8: 9c59270c3fd7afecdb556c50c9e8de78 -> 
  custom:audio-decoder-ogg-vorbis: bf7c407c2cedff20999df2af8eb42d56 -> 
========================================================================
Received Import Request.
  Time since last request: 382.159100 seconds.
  path: Assets/01.Scripts/PlayerMove.cs
  artifactKey: Guid(7d01f811973621b40b4b765b20adec9d) Importer(815301076,1909f56bfc062723c751e8b465ee728b)
Start importing Assets/01.Scripts/PlayerMove.cs using Guid(7d01f811973621b40b4b765b20adec9d) Importer(815301076,1909f56bfc062723c751e8b465ee728b)  -> (artifact id: 'b5117fe4399c645298ea12ec2cec78c2') in 0.023572 seconds 
========================================================================
Received Import Request.
  Time since last request: 54.930542 seconds.
  path: Assets/Scenes/Title.unity
  artifactKey: Guid(8f7a38a02b22ef44fb6894820af51e9d) Importer(815301076,1909f56bfc062723c751e8b465ee728b)
Start importing Assets/Scenes/Title.unity using Guid(8f7a38a02b22ef44fb6894820af51e9d) Importer(815301076,1909f56bfc062723c751e8b465ee728b)  -> (artifact id: '7b871066086ee7948ef896a4b28860dd') in 0.015653 seconds 
========================================================================
Received Import Request.
  Time since last request: 686.370818 seconds.
  path: Assets/05.Image
  artifactKey: Guid(20add472cc9e6f24ba003a6f5a981de7) Importer(815301076,1909f56bfc062723c751e8b465ee728b)
Start importing Assets/05.Image using Guid(20add472cc9e6f24ba003a6f5a981de7) Importer(815301076,1909f56bfc062723c751e8b465ee728b)  -> (artifact id: '0c12b392a6c0e576c95227033606ad38') in 0.016321 seconds 
========================================================================
Received Import Request.
  Time since last request: 7.269920 seconds.
  path: Assets/05.Image/Title
  artifactKey: Guid(dfb9d2736121b884fa1691fd86f4d51c) Importer(815301076,1909f56bfc062723c751e8b465ee728b)
Start importing Assets/05.Image/Title using Guid(dfb9d2736121b884fa1691fd86f4d51c) Importer(815301076,1909f56bfc062723c751e8b465ee728b)  -> (artifact id: '5da9970a29c3745ef316c1853b4d22b3') in 0.016423 seconds 
========================================================================
Received Import Request.
  Time since last request: 8.457629 seconds.
  path: Assets/05.Image/Title/free-photo-black-grunge-abstract-background-pattern-wallpaper.jpg
  artifactKey: Guid(914e4dcbe720a794c87a5ee934d27d0a) Importer(815301076,1909f56bfc062723c751e8b465ee728b)
Start importing Assets/05.Image/Title/free-photo-black-grunge-abstract-background-pattern-wallpaper.jpg using Guid(914e4dcbe720a794c87a5ee934d27d0a) Importer(815301076,1909f56bfc062723c751e8b465ee728b)  -> (artifact id: '743790faebc10b09fd2041ec507e3bb1') in 0.104816 seconds 
========================================================================
Received Import Request.
  Time since last request: 5.220496 seconds.
  path: Assets/05.Image/Title/free-photo-black-grunge-abstract-background-pattern-wallpaper.jpg
  artifactKey: Guid(914e4dcbe720a794c87a5ee934d27d0a) Importer(815301076,1909f56bfc062723c751e8b465ee728b)
Start importing Assets/05.Image/Title/free-photo-black-grunge-abstract-background-pattern-wallpaper.jpg using Guid(914e4dcbe720a794c87a5ee934d27d0a) Importer(815301076,1909f56bfc062723c751e8b465ee728b)  -> (artifact id: '538d40a5815c0ec4fce4cbf9c08360c1') in 0.297470 seconds 
========================================================================
Received Import Request.
  Time since last request: 6.572614 seconds.
  path: Assets/05.Image/Title/free-photo-black-grunge-abstract-background-pattern-wallpaper.jpg
  artifactKey: Guid(914e4dcbe720a794c87a5ee934d27d0a) Importer(815301076,1909f56bfc062723c751e8b465ee728b)
Start importing Assets/05.Image/Title/free-photo-black-grunge-abstract-background-pattern-wallpaper.jpg using Guid(914e4dcbe720a794c87a5ee934d27d0a) Importer(815301076,1909f56bfc062723c751e8b465ee728b)  -> (artifact id: '40f69d589a8915c3a833ea95653948fa') in 0.090622 seconds 
